\BOOKMARK [1][-]{section.1}{\376\377\000G\000e\000n\000e\000r\000a\000l\000\040\000O\000b\000j\000e\000c\000t\000i\000v\000e}{}% 1
\BOOKMARK [1][-]{section.2}{\376\377\000E\000x\000p\000l\000o\000r\000a\000t\000o\000r\000y\000\040\000A\000n\000a\000l\000y\000s\000i\000s\000\040\000o\000f\000\040\000t\000h\000e\000\040\000S\000o\000u\000n\000d\000\040\000S\000p\000e\000c\000t\000r\000a\000\040\000D\000a\000t\000a\000s\000e\000t}{}% 2
\BOOKMARK [1][-]{section.3}{\376\377\000M\000a\000t\000h\000e\000m\000a\000t\000i\000c\000a\000l\000\040\000F\000o\000r\000m\000u\000l\000a\000t\000i\000o\000n}{}% 3
\BOOKMARK [1][-]{section.4}{\376\377\000S\000o\000f\000t\000w\000a\000r\000e\000\040\000I\000m\000p\000l\000e\000m\000e\000n\000t\000a\000t\000i\000o\000n\000\040\000P\000i\000p\000e\000l\000i\000n\000e}{}% 4
\BOOKMARK [2][-]{subsection.4.1}{\376\377\000C\000o\000n\000f\000i\000g\000u\000r\000a\000t\000i\000o\000n\000\040\000M\000a\000n\000a\000g\000e\000m\000e\000n\000t\000\040\000\050\000c\000o\000n\000f\000i\000g\000.\000p\000y\000\051}{section.4}% 5
\BOOKMARK [3][-]{subsubsection.4.1.1}{\376\377\000K\000e\000y\000\040\000C\000o\000m\000p\000o\000n\000e\000n\000t\000s\000:}{subsection.4.1}% 6
\BOOKMARK [2][-]{subsection.4.2}{\376\377\000D\000a\000t\000a\000\040\000P\000r\000e\000p\000r\000o\000c\000e\000s\000s\000i\000n\000g\000\040\000\050\000d\000a\000t\000a\000\137\000p\000r\000e\000p\000r\000o\000c\000e\000s\000s\000i\000n\000g\000.\000p\000y\000\051}{section.4}% 7
\BOOKMARK [3][-]{subsubsection.4.2.1}{\376\377\000G\000e\000n\000e\000r\000a\000l\000\040\000P\000r\000o\000c\000e\000s\000s\000i\000n\000g\000\040\000F\000r\000a\000m\000e\000w\000o\000r\000k}{subsection.4.2}% 8
\BOOKMARK [3][-]{subsubsection.4.2.2}{\376\377\000O\000u\000t\000p\000u\000t\000\040\000F\000o\000r\000m\000a\000t}{subsection.4.2}% 9
\BOOKMARK [3][-]{subsubsection.4.2.3}{\376\377\000C\000o\000m\000p\000l\000e\000t\000e\000\040\000O\000u\000t\000p\000u\000t}{subsection.4.2}% 10
\BOOKMARK [3][-]{subsubsection.4.2.4}{\376\377\000P\000r\000o\000c\000e\000s\000s\000i\000n\000g\000\040\000S\000t\000e\000p\000s}{subsection.4.2}% 11
\BOOKMARK [2][-]{subsection.4.3}{\376\377\000D\000a\000t\000a\000s\000e\000t\000\040\000C\000r\000e\000a\000t\000i\000o\000n\000\040\000\050\000d\000a\000t\000a\000s\000e\000t\000.\000p\000y\000\051}{section.4}% 12
\BOOKMARK [3][-]{subsubsection.4.3.1}{\376\377\000K\000e\000y\000\040\000C\000o\000m\000p\000o\000n\000e\000n\000t\000s\000:}{subsection.4.3}% 13
\BOOKMARK [2][-]{subsection.4.4}{\376\377\000M\000o\000d\000e\000l\000\040\000A\000r\000c\000h\000i\000t\000e\000c\000t\000u\000r\000e\000\040\000\050\000m\000o\000d\000e\000l\000s\000.\000p\000y\000\051}{section.4}% 14
\BOOKMARK [3][-]{subsubsection.4.4.1}{\376\377\000W\000h\000i\000s\000t\000l\000e\000C\000N\000N\000\040\000A\000r\000c\000h\000i\000t\000e\000c\000t\000u\000r\000e}{subsection.4.4}% 15
\BOOKMARK [2][-]{subsection.4.5}{\376\377\000E\000x\000t\000e\000n\000d\000e\000d\000\040\000M\000o\000d\000e\000l\000\040\000A\000r\000c\000h\000i\000t\000e\000c\000t\000u\000r\000e\000s\000\040\000\050\000m\000o\000d\000e\000l\000s\000\137\0002\000d\000.\000p\000y\000\051}{section.4}% 16
\BOOKMARK [3][-]{subsubsection.4.5.1}{\376\377\000W\000h\000i\000s\000t\000l\000e\000C\000N\000N\0001\000D\000\040\000A\000r\000c\000h\000i\000t\000e\000c\000t\000u\000r\000e\000\040\000\050\0001\000D\000\040\000P\000S\000D\000\051\000:}{subsection.4.5}% 17
\BOOKMARK [3][-]{subsubsection.4.5.2}{\376\377\000W\000h\000i\000s\000t\000l\000e\000C\000N\000N\0002\000D\000\040\000A\000r\000c\000h\000i\000t\000e\000c\000t\000u\000r\000e\000\040\000\050\0002\000D\000\040\000S\000T\000F\000T\000\051\000:}{subsection.4.5}% 18
\BOOKMARK [3][-]{subsubsection.4.5.3}{\376\377\000A\000r\000c\000h\000i\000t\000e\000c\000t\000u\000r\000a\000l\000\040\000C\000o\000m\000p\000a\000r\000i\000s\000o\000n\000:}{subsection.4.5}% 19
\BOOKMARK [2][-]{subsection.4.6}{\376\377\000M\000o\000d\000e\000l\000\040\000T\000r\000a\000i\000n\000i\000n\000g\000\040\000\050\000t\000r\000a\000i\000n\000.\000p\000y\000\051}{section.4}% 20
\BOOKMARK [3][-]{subsubsection.4.6.1}{\376\377\000T\000r\000a\000i\000n\000i\000n\000g\000\040\000C\000o\000n\000f\000i\000g\000u\000r\000a\000t\000i\000o\000n\000:}{subsection.4.6}% 21
\BOOKMARK [3][-]{subsubsection.4.6.2}{\376\377\000T\000r\000a\000i\000n\000i\000n\000g\000\040\000L\000o\000o\000p\000\040\000S\000t\000r\000u\000c\000t\000u\000r\000e\000:}{subsection.4.6}% 22
\BOOKMARK [2][-]{subsection.4.7}{\376\377\000P\000a\000r\000a\000l\000l\000e\000l\000\040\000T\000r\000a\000i\000n\000i\000n\000g\000\040\000P\000i\000p\000e\000l\000i\000n\000e\000\040\000\050\000t\000r\000a\000i\000n\000\137\000p\000a\000r\000a\000l\000l\000e\000l\000.\000p\000y\000\051}{section.4}% 23
\BOOKMARK [3][-]{subsubsection.4.7.1}{\376\377\000T\000r\000a\000i\000n\000i\000n\000g\000\040\000W\000o\000r\000k\000f\000l\000o\000w\000:}{subsection.4.7}% 24
\BOOKMARK [3][-]{subsubsection.4.7.2}{\376\377\000P\000e\000r\000f\000o\000r\000m\000a\000n\000c\000e\000\040\000M\000e\000t\000r\000i\000c\000s\000:}{subsection.4.7}% 25
\BOOKMARK [3][-]{subsubsection.4.7.3}{\376\377\000O\000u\000t\000p\000u\000t\000\040\000A\000r\000t\000i\000f\000a\000c\000t\000s\000:}{subsection.4.7}% 26
\BOOKMARK [3][-]{subsubsection.4.7.4}{\376\377\000B\000a\000s\000e\000l\000i\000n\000e\000\040\000M\000o\000d\000e\000l\000s\000\040\000\050\000b\000a\000s\000e\000l\000i\000n\000e\000s\000.\000p\000y\000\051}{subsection.4.7}% 27
\BOOKMARK [3][-]{subsubsection.4.7.5}{\376\377\000B\000a\000s\000e\000l\000i\000n\000e\000\040\0001\000:\000\040\000P\000e\000a\000k\000\040\000F\000r\000e\000q\000u\000e\000n\000c\000y\000\040\000L\000i\000n\000e\000a\000r\000\040\000R\000e\000g\000r\000e\000s\000s\000i\000o\000n}{subsection.4.7}% 28
\BOOKMARK [3][-]{subsubsection.4.7.6}{\376\377\000B\000a\000s\000e\000l\000i\000n\000e\000\040\0002\000:\000\040\000F\000u\000l\000l\000\040\000S\000p\000e\000c\000t\000r\000u\000m\000\040\000R\000i\000d\000g\000e\000\040\000R\000e\000g\000r\000e\000s\000s\000i\000o\000n}{subsection.4.7}% 29
\BOOKMARK [3][-]{subsubsection.4.7.7}{\376\377\000E\000v\000a\000l\000u\000a\000t\000i\000o\000n\000\040\000M\000e\000t\000r\000i\000c\000s\000:}{subsection.4.7}% 30
\BOOKMARK [3][-]{subsubsection.4.7.8}{\376\377\000V\000i\000s\000u\000a\000l\000i\000z\000a\000t\000i\000o\000n\000:}{subsection.4.7}% 31
\BOOKMARK [2][-]{subsection.4.8}{\376\377\000T\000r\000e\000e\000-\000B\000a\000s\000e\000d\000\040\000M\000o\000d\000e\000l\000s\000\040\000\050\000t\000r\000e\000e\000\137\000m\000o\000d\000e\000l\000s\000.\000p\000y\000\051}{section.4}% 32
\BOOKMARK [3][-]{subsubsection.4.8.1}{\376\377\000M\000o\000d\000e\000l\000\040\0001\000:\000\040\000R\000a\000n\000d\000o\000m\000\040\000F\000o\000r\000e\000s\000t\000\040\000R\000e\000g\000r\000e\000s\000s\000o\000r}{subsection.4.8}% 33
\BOOKMARK [3][-]{subsubsection.4.8.2}{\376\377\000M\000o\000d\000e\000l\000\040\0002\000:\000\040\000X\000G\000B\000o\000o\000s\000t\000\040\000R\000e\000g\000r\000e\000s\000s\000o\000r}{subsection.4.8}% 34
\BOOKMARK [3][-]{subsubsection.4.8.3}{\376\377\000F\000e\000a\000t\000u\000r\000e\000\040\000I\000m\000p\000o\000r\000t\000a\000n\000c\000e\000\040\000V\000i\000s\000u\000a\000l\000i\000z\000a\000t\000i\000o\000n\000:}{subsection.4.8}% 35
\BOOKMARK [2][-]{subsection.4.9}{\376\377\000V\000i\000s\000u\000a\000l\000i\000z\000a\000t\000i\000o\000n\000\040\000\050\000v\000i\000s\000u\000a\000l\000i\000z\000a\000t\000i\000o\000n\000s\000.\000p\000y\000\051}{section.4}% 36
\BOOKMARK [3][-]{subsubsection.4.9.1}{\376\377\000s\000e\000t\000\137\000p\000l\000o\000t\000\137\000s\000t\000y\000l\000e\000\050\000\051\000:}{subsection.4.9}% 37
\BOOKMARK [3][-]{subsubsection.4.9.2}{\376\377\000p\000l\000o\000t\000\137\000c\000o\000m\000p\000a\000r\000a\000t\000i\000v\000e\000\137\000s\000p\000e\000c\000t\000r\000a\000\050\000\051\000:}{subsection.4.9}% 38
\BOOKMARK [3][-]{subsubsection.4.9.3}{\376\377\000p\000l\000o\000t\000\137\000g\000l\000o\000b\000a\000l\000\137\000s\000p\000e\000c\000t\000r\000o\000g\000r\000a\000m\000\050\000\051\000:}{subsection.4.9}% 39
\BOOKMARK [3][-]{subsubsection.4.9.4}{\376\377\000O\000u\000t\000p\000u\000t\000:}{subsection.4.9}% 40
\BOOKMARK [2][-]{subsection.4.10}{\376\377\000C\000o\000m\000p\000a\000r\000a\000t\000i\000v\000e\000\040\000V\000i\000s\000u\000a\000l\000i\000z\000a\000t\000i\000o\000n\000\040\000F\000r\000a\000m\000e\000w\000o\000r\000k\000\040\000\050\000c\000o\000m\000p\000a\000r\000i\000s\000o\000n\000\137\000v\000i\000z\000.\000p\000y\000\051}{section.4}% 41
\BOOKMARK [3][-]{subsubsection.4.10.1}{\376\377\000P\000e\000r\000c\000e\000n\000t\000i\000l\000e\000S\000a\000m\000p\000l\000e\000r\000\040\000C\000l\000a\000s\000s\000:}{subsection.4.10}% 42
\BOOKMARK [3][-]{subsubsection.4.10.2}{\376\377\000p\000l\000o\000t\000\137\000p\000e\000r\000c\000e\000n\000t\000i\000l\000e\000\137\000g\000r\000i\000d\000\050\000\051\000:}{subsection.4.10}% 43
\BOOKMARK [3][-]{subsubsection.4.10.3}{\376\377\000p\000l\000o\000t\000\137\000c\000o\000n\000t\000r\000a\000s\000t\000\137\000p\000a\000i\000r\000s\000\050\000\051\000:}{subsection.4.10}% 44
\BOOKMARK [3][-]{subsubsection.4.10.4}{\376\377\000p\000l\000o\000t\000\137\000a\000l\000l\000\137\000p\000e\000r\000c\000e\000n\000t\000i\000l\000e\000s\000\137\000o\000v\000e\000r\000l\000a\000y\000\050\000\051\000:}{subsection.4.10}% 45
\BOOKMARK [3][-]{subsubsection.4.10.5}{\376\377\000p\000l\000o\000t\000\137\000s\000t\000f\000t\000\137\000h\000e\000a\000t\000m\000a\000p\000\137\000p\000r\000o\000g\000r\000e\000s\000s\000i\000o\000n\000\050\000\051\000:}{subsection.4.10}% 46
\BOOKMARK [3][-]{subsubsection.4.10.6}{\376\377\000O\000u\000t\000p\000u\000t\000\040\000V\000i\000s\000u\000a\000l\000i\000z\000a\000t\000i\000o\000n\000s\000:}{subsection.4.10}% 47
\BOOKMARK [2][-]{subsection.4.11}{\376\377\000E\000x\000e\000c\000u\000t\000i\000o\000n\000\040\000O\000r\000d\000e\000r\000\040\000a\000n\000d\000\040\000D\000a\000t\000a\000\040\000F\000l\000o\000w}{section.4}% 48
\BOOKMARK [3][-]{subsubsection.4.11.1}{\376\377\000D\000a\000t\000a\000\040\000F\000l\000o\000w\000\040\000D\000i\000a\000g\000r\000a\000m\000:}{subsection.4.11}% 49
\BOOKMARK [2][-]{subsection.4.12}{\376\377\000K\000e\000y\000\040\000D\000e\000s\000i\000g\000n\000\040\000D\000e\000c\000i\000s\000i\000o\000n\000s}{section.4}% 50
\BOOKMARK [1][-]{section.5}{\376\377\000R\000e\000s\000u\000l\000t\000s}{}% 51
\BOOKMARK [2][-]{subsection.5.1}{\376\377\000A\000c\000o\000u\000s\000t\000i\000c\000\040\000S\000i\000g\000n\000a\000t\000u\000r\000e\000\040\000C\000h\000a\000r\000a\000c\000t\000e\000r\000i\000z\000a\000t\000i\000o\000n}{section.5}% 52
\BOOKMARK [2][-]{subsection.5.2}{\376\377\000P\000e\000r\000c\000e\000n\000t\000i\000l\000e\000-\000B\000a\000s\000e\000d\000\040\000S\000p\000e\000c\000t\000r\000a\000l\000\040\000D\000i\000s\000t\000r\000i\000b\000u\000t\000i\000o\000n\000\040\000A\000n\000a\000l\000y\000s\000i\000s}{section.5}% 53
\BOOKMARK [2][-]{subsection.5.3}{\376\377\000T\000e\000m\000p\000o\000r\000a\000l\000-\000S\000p\000e\000c\000t\000r\000a\000l\000\040\000F\000e\000a\000t\000u\000r\000e\000\040\000A\000n\000a\000l\000y\000s\000i\000s\000:\000\040\000S\000T\000F\000T\000\040\000S\000p\000e\000c\000t\000r\000o\000g\000r\000a\000m\000s}{section.5}% 54
\BOOKMARK [2][-]{subsection.5.4}{\376\377\000M\000o\000d\000e\000l\000\040\000C\000o\000m\000p\000a\000r\000i\000s\000o\000n\000:\000\040\0001\000D\000\040\000v\000s\000\040\0002\000D\000\040\000F\000e\000a\000t\000u\000r\000e\000\040\000R\000e\000p\000r\000e\000s\000e\000n\000t\000a\000t\000i\000o\000n\000s}{section.5}% 55
\BOOKMARK [2][-]{subsection.5.5}{\376\377\000C\000o\000n\000v\000o\000l\000u\000t\000i\000o\000n\000a\000l\000\040\000N\000e\000u\000r\000a\000l\000\040\000N\000e\000t\000w\000o\000r\000k\000\040\000T\000r\000a\000i\000n\000i\000n\000g\000\040\000a\000n\000d\000\040\000P\000e\000r\000f\000o\000r\000m\000a\000n\000c\000e}{section.5}% 56
\BOOKMARK [2][-]{subsection.5.6}{\376\377\000M\000o\000d\000e\000l\000\040\000P\000e\000r\000f\000o\000r\000m\000a\000n\000c\000e\000\040\000C\000o\000m\000p\000a\000r\000i\000s\000o\000n\000\040\000a\000n\000d\000\040\000V\000a\000l\000i\000d\000a\000t\000i\000o\000n\000\040\000R\000e\000s\000u\000l\000t\000s}{section.5}% 57
\BOOKMARK [2][-]{subsection.5.7}{\376\377\000I\000n\000t\000e\000r\000p\000r\000e\000t\000a\000t\000i\000o\000n\000\040\000a\000n\000d\000\040\000P\000h\000y\000s\000i\000c\000a\000l\000\040\000I\000n\000s\000i\000g\000h\000t\000s}{section.5}% 58
